Determining if the pthread_create exist failed with the following output:
Change Dir: /home/georgi/Projects/parallel-nbody/build/CMakeFiles/CMakeTmp

Run Build Command:"/usr/bin/make" "cmTC_fedfc/fast"
/usr/bin/make -f CMakeFiles/cmTC_fedfc.dir/build.make CMakeFiles/cmTC_fedfc.dir/build
make[1]: Entering directory '/home/georgi/Projects/parallel-nbody/build/CMakeFiles/CMakeTmp'
Building C object CMakeFiles/cmTC_fedfc.dir/CheckSymbolExists.c.o
/usr/bin/cc    -o CMakeFiles/cmTC_fedfc.dir/CheckSymbolExists.c.o   -c /home/georgi/Projects/parallel-nbody/build/CMakeFiles/CMakeTmp/CheckSymbolExists.c
Linking C executable cmTC_fedfc
/usr/local/bin/cmake -E cmake_link_script CMakeFiles/cmTC_fedfc.dir/link.txt --verbose=1
/usr/bin/cc      -rdynamic CMakeFiles/cmTC_fedfc.dir/CheckSymbolExists.c.o  -o cmTC_fedfc 
CMakeFiles/cmTC_fedfc.dir/CheckSymbolExists.c.o: In function `main':
CheckSymbolExists.c:(.text+0x16): undefined reference to `pthread_create'
collect2: error: ld returned 1 exit status
CMakeFiles/cmTC_fedfc.dir/build.make:86: recipe for target 'cmTC_fedfc' failed
make[1]: *** [cmTC_fedfc] Error 1
make[1]: Leaving directory '/home/georgi/Projects/parallel-nbody/build/CMakeFiles/CMakeTmp'
Makefile:121: recipe for target 'cmTC_fedfc/fast' failed
make: *** [cmTC_fedfc/fast] Error 2

File /home/georgi/Projects/parallel-nbody/build/CMakeFiles/CMakeTmp/CheckSymbolExists.c:
/* */
#include <pthread.h>

int main(int argc, char** argv)
{
  (void)argv;
#ifndef pthread_create
  return ((int*)(&pthread_create))[argc];
#else
  (void)argc;
  return 0;
#endif
}

Determining if the function pthread_create exists in the pthreads failed with the following output:
Change Dir: /home/georgi/Projects/parallel-nbody/build/CMakeFiles/CMakeTmp

Run Build Command:"/usr/bin/make" "cmTC_da156/fast"
/usr/bin/make -f CMakeFiles/cmTC_da156.dir/build.make CMakeFiles/cmTC_da156.dir/build
make[1]: Entering directory '/home/georgi/Projects/parallel-nbody/build/CMakeFiles/CMakeTmp'
Building C object CMakeFiles/cmTC_da156.dir/CheckFunctionExists.c.o
/usr/bin/cc   -DCHECK_FUNCTION_EXISTS=pthread_create   -o CMakeFiles/cmTC_da156.dir/CheckFunctionExists.c.o   -c /usr/local/share/cmake-3.12/Modules/CheckFunctionExists.c
Linking C executable cmTC_da156
/usr/local/bin/cmake -E cmake_link_script CMakeFiles/cmTC_da156.dir/link.txt --verbose=1
/usr/bin/cc  -DCHECK_FUNCTION_EXISTS=pthread_create    -rdynamic CMakeFiles/cmTC_da156.dir/CheckFunctionExists.c.o  -o cmTC_da156 -lpthreads 
/usr/bin/ld: cannot find -lpthreads
collect2: error: ld returned 1 exit status
CMakeFiles/cmTC_da156.dir/build.make:86: recipe for target 'cmTC_da156' failed
make[1]: *** [cmTC_da156] Error 1
make[1]: Leaving directory '/home/georgi/Projects/parallel-nbody/build/CMakeFiles/CMakeTmp'
Makefile:121: recipe for target 'cmTC_da156/fast' failed
make: *** [cmTC_da156/fast] Error 2


Determining if the CL_VERSION_2_2 exist failed with the following output:
Change Dir: /home/georgi/Projects/parallel-nbody/build/CMakeFiles/CMakeTmp

Run Build Command:"/usr/bin/make" "cmTC_3bfeb/fast"
/usr/bin/make -f CMakeFiles/cmTC_3bfeb.dir/build.make CMakeFiles/cmTC_3bfeb.dir/build
make[1]: Entering directory '/home/georgi/Projects/parallel-nbody/build/CMakeFiles/CMakeTmp'
Building C object CMakeFiles/cmTC_3bfeb.dir/CheckSymbolExists.c.o
/usr/bin/cc    -o CMakeFiles/cmTC_3bfeb.dir/CheckSymbolExists.c.o   -c /home/georgi/Projects/parallel-nbody/build/CMakeFiles/CMakeTmp/CheckSymbolExists.c
/home/georgi/Projects/parallel-nbody/build/CMakeFiles/CMakeTmp/CheckSymbolExists.c: In function ‘main’:
/home/georgi/Projects/parallel-nbody/build/CMakeFiles/CMakeTmp/CheckSymbolExists.c:8:19: error: ‘CL_VERSION_2_2’ undeclared (first use in this function); did you mean ‘CL_VERSION_1_2’?
   return ((int*)(&CL_VERSION_2_2))[argc];
                   ^~~~~~~~~~~~~~
                   CL_VERSION_1_2
/home/georgi/Projects/parallel-nbody/build/CMakeFiles/CMakeTmp/CheckSymbolExists.c:8:19: note: each undeclared identifier is reported only once for each function it appears in
CMakeFiles/cmTC_3bfeb.dir/build.make:65: recipe for target 'CMakeFiles/cmTC_3bfeb.dir/CheckSymbolExists.c.o' failed
make[1]: *** [CMakeFiles/cmTC_3bfeb.dir/CheckSymbolExists.c.o] Error 1
make[1]: Leaving directory '/home/georgi/Projects/parallel-nbody/build/CMakeFiles/CMakeTmp'
Makefile:121: recipe for target 'cmTC_3bfeb/fast' failed
make: *** [cmTC_3bfeb/fast] Error 2

File /home/georgi/Projects/parallel-nbody/build/CMakeFiles/CMakeTmp/CheckSymbolExists.c:
/* */
#include </usr/include/CL/cl.h>

int main(int argc, char** argv)
{
  (void)argv;
#ifndef CL_VERSION_2_2
  return ((int*)(&CL_VERSION_2_2))[argc];
#else
  (void)argc;
  return 0;
#endif
}

Determining if the CL_VERSION_2_1 exist failed with the following output:
Change Dir: /home/georgi/Projects/parallel-nbody/build/CMakeFiles/CMakeTmp

Run Build Command:"/usr/bin/make" "cmTC_0eb65/fast"
/usr/bin/make -f CMakeFiles/cmTC_0eb65.dir/build.make CMakeFiles/cmTC_0eb65.dir/build
make[1]: Entering directory '/home/georgi/Projects/parallel-nbody/build/CMakeFiles/CMakeTmp'
Building C object CMakeFiles/cmTC_0eb65.dir/CheckSymbolExists.c.o
/usr/bin/cc    -o CMakeFiles/cmTC_0eb65.dir/CheckSymbolExists.c.o   -c /home/georgi/Projects/parallel-nbody/build/CMakeFiles/CMakeTmp/CheckSymbolExists.c
/home/georgi/Projects/parallel-nbody/build/CMakeFiles/CMakeTmp/CheckSymbolExists.c: In function ‘main’:
/home/georgi/Projects/parallel-nbody/build/CMakeFiles/CMakeTmp/CheckSymbolExists.c:8:19: error: ‘CL_VERSION_2_1’ undeclared (first use in this function); did you mean ‘CL_VERSION_1_1’?
   return ((int*)(&CL_VERSION_2_1))[argc];
                   ^~~~~~~~~~~~~~
                   CL_VERSION_1_1
/home/georgi/Projects/parallel-nbody/build/CMakeFiles/CMakeTmp/CheckSymbolExists.c:8:19: note: each undeclared identifier is reported only once for each function it appears in
CMakeFiles/cmTC_0eb65.dir/build.make:65: recipe for target 'CMakeFiles/cmTC_0eb65.dir/CheckSymbolExists.c.o' failed
make[1]: *** [CMakeFiles/cmTC_0eb65.dir/CheckSymbolExists.c.o] Error 1
make[1]: Leaving directory '/home/georgi/Projects/parallel-nbody/build/CMakeFiles/CMakeTmp'
Makefile:121: recipe for target 'cmTC_0eb65/fast' failed
make: *** [cmTC_0eb65/fast] Error 2

File /home/georgi/Projects/parallel-nbody/build/CMakeFiles/CMakeTmp/CheckSymbolExists.c:
/* */
#include </usr/include/CL/cl.h>

int main(int argc, char** argv)
{
  (void)argv;
#ifndef CL_VERSION_2_1
  return ((int*)(&CL_VERSION_2_1))[argc];
#else
  (void)argc;
  return 0;
#endif
}

